<?xml version="1.0" encoding="UTF-8"?>
<!-- Generated by org.testng.reporters.JUnitXMLReporter -->
<testsuite ignored="1" hostname="WX-OR1031070" failures="0" tests="1" name="GRP-log" time="17.982" errors="0" timestamp="2022-12-13T22:57:16 EET">
  <testcase classname="registration_process" name="login_process" time="6.849"/>
  <testcase classname="registration_process" name="Try_to_submit_new_account" time="0.0">
    <ignored/>
  </testcase> <!-- Try_to_submit_new_account -->
</testsuite> <!-- GRP-log -->
